<?xml version="1.0" encoding="UTF-8"?>
<testsuite xmlns:xsi="http://www.w3.org/2001/XMLSchema-instance" xsi:noNamespaceSchemaLocation="https://maven.apache.org/surefire/maven-surefire-plugin/xsd/surefire-test-report-3.0.xsd" version="3.0" name="testscenario.ScenarioJunitActivatorTest" time="1.768" tests="2" errors="0" skipped="0" failures="0">
  <properties>
[...]
</properties>
  <testcase name="#1: Test underweight" classname="bmi_test" time="1.174">
    <system-out><![CDATA[16:29:30.600 [main] DEBUG org.kie.api.internal.utils.ServiceDiscoveryImpl - Loading kie.conf from jar:file:/C:/Users/cdemertzi/.m2/repository/org/kie/kie-internal/7.55.0.Beta1/kie-internal-7.55.0.Beta1.jar!/META-INF/kie.conf in classloader jdk.internal.loader.ClassLoaders$AppClassLoader@14514713
16:29:30.611 [main] DEBUG org.kie.api.internal.utils.ServiceDiscoveryImpl - Added Service org.kie.internal.services.KieAssemblersImpl with priority 0
16:29:30.611 [main] DEBUG org.kie.api.internal.utils.ServiceDiscoveryImpl - Added Service org.kie.internal.services.KieRuntimesImpl with priority 0
16:29:30.612 [main] DEBUG org.kie.api.internal.utils.ServiceDiscoveryImpl - Added Service org.kie.internal.services.KieWeaversImpl with priority 0
16:29:30.613 [main] DEBUG org.kie.api.internal.utils.ServiceDiscoveryImpl - Added Service org.kie.internal.services.KieBeliefsImpl with priority 0
16:29:30.613 [main] DEBUG org.kie.api.internal.utils.ServiceDiscoveryImpl - Loading kie.conf from jar:file:/C:/Users/cdemertzi/.m2/repository/org/drools/drools-model-compiler/7.53.1.Final/drools-model-compiler-7.53.1.Final.jar!/META-INF/kie.conf in classloader jdk.internal.loader.ClassLoaders$AppClassLoader@14514713
16:29:30.618 [main] DEBUG org.kie.api.internal.utils.ServiceDiscoveryImpl - Added Service org.drools.modelcompiler.CanonicalKieModuleProvider with priority 0
16:29:30.620 [main] DEBUG org.kie.api.internal.utils.ServiceDiscoveryImpl - Added child Service +org.drools.modelcompiler.drlx.DrlxAssembler
16:29:30.620 [main] DEBUG org.kie.api.internal.utils.ServiceDiscoveryImpl - Loading kie.conf from jar:file:/C:/Users/cdemertzi/.m2/repository/org/drools/drools-compiler/7.53.1.Final/drools-compiler-7.53.1.Final.jar!/META-INF/kie.conf in classloader jdk.internal.loader.ClassLoaders$AppClassLoader@14514713
16:29:30.627 [main] DEBUG org.kie.api.internal.utils.ServiceDiscoveryImpl - Added Service org.drools.compiler.kie.builder.impl.KieServicesImpl with priority 0
16:29:30.630 [main] DEBUG org.kie.api.internal.utils.ServiceDiscoveryImpl - Added Service org.drools.compiler.builder.impl.KnowledgeBuilderFactoryServiceImpl with priority 0
16:29:30.631 [main] DEBUG org.kie.api.internal.utils.ServiceDiscoveryImpl - Added Service org.drools.compiler.builder.impl.JaxbConfigurationFactoryServiceImpl with priority 0
16:29:30.632 [main] DEBUG org.kie.api.internal.utils.ServiceDiscoveryImpl - Added Service org.drools.compiler.kie.builder.impl.KieBaseUpdatersImpl with priority 0
16:29:30.632 [main] DEBUG org.kie.api.internal.utils.ServiceDiscoveryImpl - Loading kie.conf from jar:file:/C:/Users/cdemertzi/.m2/repository/org/drools/drools-core/7.53.1.Final/drools-core-7.53.1.Final.jar!/META-INF/kie.conf in classloader jdk.internal.loader.ClassLoaders$AppClassLoader@14514713
16:29:30.634 [main] DEBUG org.kie.api.internal.utils.ServiceDiscoveryImpl - Added Service org.drools.core.io.impl.ResourceFactoryServiceImpl with priority 0
16:29:30.635 [main] DEBUG org.kie.api.internal.utils.ServiceDiscoveryImpl - Added Service org.drools.core.concurrent.ExecutorProviderImpl with priority 0
16:29:30.635 [main] DEBUG org.kie.api.internal.utils.ServiceDiscoveryImpl - Loading kie.conf from jar:file:/C:/Users/cdemertzi/.m2/repository/org/drools/drools-alphanetwork-compiler/7.53.1.Final/drools-alphanetwork-compiler-7.53.1.Final.jar!/META-INF/kie.conf in classloader jdk.internal.loader.ClassLoaders$AppClassLoader@14514713
16:29:30.637 [main] DEBUG org.kie.api.internal.utils.ServiceDiscoveryImpl - Added child Service +org.drools.ancompiler.KieBaseUpdaterANCFactory
16:29:30.638 [main] DEBUG org.kie.api.internal.utils.ServiceDiscoveryImpl - Loading kie.conf from jar:file:/C:/Users/cdemertzi/.m2/repository/org/drools/drools-mvel/7.53.1.Final/drools-mvel-7.53.1.Final.jar!/META-INF/kie.conf in classloader jdk.internal.loader.ClassLoaders$AppClassLoader@14514713
16:29:30.702 [main] DEBUG org.kie.api.internal.utils.ServiceDiscoveryImpl - Added Service org.drools.mvel.MVELConstraintBuilder with priority 0
16:29:30.704 [main] DEBUG org.kie.api.internal.utils.ServiceDiscoveryImpl - Added Service org.drools.mvel.MVELCoreComponentsBuilder with priority 0
16:29:30.708 [main] DEBUG org.kie.api.internal.utils.ServiceDiscoveryImpl - Added Service org.drools.mvel.asm.ClassFieldAccessorFactory with priority 0
16:29:30.715 [main] DEBUG org.kie.api.internal.utils.ServiceDiscoveryImpl - Added Service org.drools.mvel.asm.DefaultClassBuilderFactory with priority 0
16:29:30.716 [main] DEBUG org.kie.api.internal.utils.ServiceDiscoveryImpl - Loading kie.conf from jar:file:/C:/Users/cdemertzi/.m2/repository/org/kie/kie-dmn-core/7.55.0.Beta1/kie-dmn-core-7.55.0.Beta1.jar!/META-INF/kie.conf in classloader jdk.internal.loader.ClassLoaders$AppClassLoader@14514713
16:29:30.723 [main] DEBUG org.kie.api.internal.utils.ServiceDiscoveryImpl - Added child Service +org.kie.dmn.core.assembler.DMNAssemblerService
16:29:30.725 [main] DEBUG org.kie.api.internal.utils.ServiceDiscoveryImpl - Added child Service +org.kie.dmn.core.runtime.DMNRuntimeService
16:29:30.726 [main] DEBUG org.kie.api.internal.utils.ServiceDiscoveryImpl - Added child Service +org.kie.dmn.core.weaver.DMNWeaverService
16:29:30.726 [main] DEBUG org.kie.api.internal.utils.ServiceDiscoveryImpl - Loading kie.conf from jar:file:/C:/Users/cdemertzi/.m2/repository/org/drools/drools-ruleunit/7.55.0.Beta1/drools-ruleunit-7.55.0.Beta1.jar!/META-INF/kie.conf in classloader jdk.internal.loader.ClassLoaders$AppClassLoader@14514713
16:29:30.728 [main] DEBUG org.kie.api.internal.utils.ServiceDiscoveryImpl - Added Service org.drools.ruleunit.impl.RuleUnitComponentFactoryImpl with priority 0
16:29:30.729 [main] DEBUG org.kie.api.internal.utils.ServiceDiscoveryImpl - Service org.kie.internal.builder.KnowledgeBuilderFactoryService is implemented by org.drools.compiler.builder.impl.KnowledgeBuilderFactoryServiceImpl@5305c37d
16:29:30.729 [main] DEBUG org.kie.api.internal.utils.ServiceDiscoveryImpl - Service org.kie.api.internal.runtime.beliefs.KieBeliefs is implemented by org.kie.internal.services.KieBeliefsImpl@51a06cbe
16:29:30.729 [main] DEBUG org.kie.api.internal.utils.ServiceDiscoveryImpl - Service org.drools.compiler.rule.builder.ConstraintBuilder is implemented by org.drools.mvel.MVELConstraintBuilder@3dddbe65
16:29:30.729 [main] DEBUG org.kie.api.internal.utils.ServiceDiscoveryImpl - Service org.drools.core.base.FieldAccessorFactory is implemented by org.drools.mvel.asm.ClassFieldAccessorFactory@49a64d82
16:29:30.729 [main] DEBUG org.kie.api.internal.utils.ServiceDiscoveryImpl - Service org.drools.compiler.kie.builder.impl.KieBaseUpdaters is implemented by org.drools.compiler.kie.builder.impl.KieBaseUpdatersImpl@344561e0
16:29:30.729 [main] DEBUG org.kie.api.internal.utils.ServiceDiscoveryImpl - Service org.kie.api.internal.assembler.KieAssemblers is implemented by org.kie.internal.services.KieAssemblersImpl@66d23e4a
16:29:30.731 [main] DEBUG org.kie.api.internal.utils.ServiceDiscoveryImpl - Service org.kie.internal.builder.JaxbConfigurationFactoryService is implemented by org.drools.compiler.builder.impl.JaxbConfigurationFactoryServiceImpl@77b21474
16:29:30.731 [main] DEBUG org.kie.api.internal.utils.ServiceDiscoveryImpl - Service org.drools.compiler.kie.builder.impl.InternalKieModuleProvider is implemented by org.drools.modelcompiler.CanonicalKieModuleProvider@52d10fb8
16:29:30.731 [main] DEBUG org.kie.api.internal.utils.ServiceDiscoveryImpl - Service org.kie.internal.ruleunit.RuleUnitComponentFactory is implemented by org.drools.ruleunit.impl.RuleUnitComponentFactoryImpl@41c07648
16:29:30.731 [main] DEBUG org.kie.api.internal.utils.ServiceDiscoveryImpl - Service org.kie.api.internal.runtime.KieRuntimes is implemented by org.kie.internal.services.KieRuntimesImpl@1fe8d51b
16:29:30.731 [main] DEBUG org.kie.api.internal.utils.ServiceDiscoveryImpl - Service org.kie.api.io.KieResources is implemented by org.drools.core.io.impl.ResourceFactoryServiceImpl@781e7326
16:29:30.731 [main] DEBUG org.kie.api.internal.utils.ServiceDiscoveryImpl - Service org.drools.core.base.CoreComponentsBuilder is implemented by org.drools.mvel.MVELCoreComponentsBuilder@22680f52
16:29:30.731 [main] DEBUG org.kie.api.internal.utils.ServiceDiscoveryImpl - Service org.drools.core.factmodel.ClassBuilderFactory is implemented by org.drools.mvel.asm.DefaultClassBuilderFactory@60d84f61
16:29:30.731 [main] DEBUG org.kie.api.internal.utils.ServiceDiscoveryImpl - Service org.kie.api.concurrent.KieExecutors is implemented by org.drools.core.concurrent.ExecutorProviderImpl@39c11e6c
16:29:30.731 [main] DEBUG org.kie.api.internal.utils.ServiceDiscoveryImpl - Service org.kie.api.KieServices is implemented by org.drools.compiler.kie.builder.impl.KieServicesImpl@324dcd31
16:29:30.732 [main] DEBUG org.kie.api.internal.utils.ServiceDiscoveryImpl - Service org.kie.api.internal.weaver.KieWeavers is implemented by org.kie.internal.services.KieWeaversImpl@503d56b5
16:29:30.968 [main] INFO org.drools.compiler.kie.builder.impl.ClasspathKieProject - Found kmodule: file:/C:/Repos/mybusinessapp/target/classes/META-INF/kmodule.xml
16:29:30.969 [main] DEBUG org.drools.compiler.kie.builder.impl.ClasspathKieProject - KieModule URL type=file url=/C:/Repos/mybusinessapp/target/classes
16:29:31.041 [main] WARN org.drools.compiler.kie.builder.impl.ClasspathKieProject - Unable to find pom.properties in /C:/Repos/mybusinessapp/target/classes
16:29:31.050 [main] INFO org.drools.compiler.kie.builder.impl.ClasspathKieProject - Recursed up folders, found and used pom.xml C:\Repos\mybusinessapp\pom.xml
16:29:31.051 [main] INFO org.drools.compiler.kie.builder.impl.InternalKieModuleProvider - Creating KieModule for artifact org.kie.businessapp:mybusinessapp:1.0
16:29:31.057 [main] INFO org.drools.modelcompiler.CanonicalKieModuleProvider - No executable model found for artifact org.kie.businessapp:mybusinessapp:1.0. Falling back to resources parsing.
16:29:31.057 [main] DEBUG org.drools.compiler.kie.builder.impl.ClasspathKieProject - Discovered classpath module org.kie.businessapp:mybusinessapp:1.0
16:29:31.060 [main] DEBUG org.drools.compiler.kie.builder.impl.KieRepositoryImpl - KieModule was added: FileKieModule[releaseId=org.kie.businessapp:mybusinessapp:1.0,file=C:\Repos\mybusinessapp\target\classes]
16:29:31.457 [main] INFO org.drools.compiler.kie.builder.impl.KieContainerImpl - Start creation of KieBase: defaultKieBase
16:29:31.487 [main] DEBUG org.drools.compiler.compiler.JavaDialectConfiguration - Selected compiler ECLIPSE [drools.dialect.java.compiler:null, hasEclipseCompiler:true]
16:29:31.563 [main] DEBUG org.drools.compiler.compiler.JavaDialectConfiguration - Selected compiler ECLIPSE [drools.dialect.java.compiler:null, hasEclipseCompiler:true]
16:29:31.563 [main] DEBUG org.drools.compiler.compiler.JavaDialectConfiguration - Selected compiler ECLIPSE [drools.dialect.java.compiler:null, hasEclipseCompiler:true]
16:29:31.644 [main] DEBUG org.kie.dmn.core.compiler.DMNEvaluatorCompiler - default DMNEvaluatorCompiler.
16:29:31.756 [main] DEBUG org.kie.dmn.backend.marshalling.v1_2.xstream.DiagramElementExtensionConverter - Tried to convert the extension element child ComponentsWidthsExtension, but no converter is registered for this child.
16:29:31.774 [main] DEBUG org.kie.dmn.backend.marshalling.v1_2.xstream.DiagramElementExtensionConverter - Tried to convert the extension element child ComponentsWidthsExtension, but no converter is registered for this child.
16:29:32.193 [main] INFO org.drools.compiler.kie.builder.impl.KieContainerImpl - End creation of KieBase: defaultKieBase
16:29:32.200 [main] DEBUG org.kie.dmn.core.impl.DMNRuntimeKBWrappingIKB - {}
]]></system-out>
  </testcase>
  <testcase name="#2: Test Overweight" classname="bmi_test" time="0.008">
    <system-out><![CDATA[16:29:32.249 [main] DEBUG org.kie.dmn.core.impl.DMNRuntimeKBWrappingIKB - {}
]]></system-out>
  </testcase>
</testsuite>